2019-04-24 at 13:56:57 CST INFO  org.quartz.impl.StdSchedulerFactory 1172 instantiate - Using default implementation for ThreadExecutor
2019-04-24 at 13:56:57 CST INFO  org.quartz.simpl.SimpleThreadPool 268 initialize - Job execution threads will use class loader of thread: main
2019-04-24 at 13:56:57 CST INFO  org.quartz.core.SchedulerSignalerImpl 61 <init> - Initialized Scheduler Signaller of type: class org.quartz.core.SchedulerSignalerImpl
2019-04-24 at 13:56:57 CST INFO  org.quartz.core.QuartzScheduler 240 <init> - Quartz Scheduler v.2.2.3 created.
2019-04-24 at 13:56:57 CST INFO  org.quartz.simpl.RAMJobStore 155 initialize - RAMJobStore initialized.
2019-04-24 at 13:56:57 CST INFO  org.quartz.core.QuartzScheduler 305 initialize - Scheduler meta-data: Quartz Scheduler (v2.2.3) 'DefaultQuartzScheduler' with instanceId 'NON_CLUSTERED'
  Scheduler class: 'org.quartz.core.QuartzScheduler' - running locally.
  NOT STARTED.
  Currently in standby mode.
  Number of jobs executed: 0
  Using thread pool 'org.quartz.simpl.SimpleThreadPool' - with 10 threads.
  Using job-store 'org.quartz.simpl.RAMJobStore' - which does not support persistence. and is not clustered.

2019-04-24 at 13:56:57 CST INFO  org.quartz.impl.StdSchedulerFactory 1327 instantiate - Quartz scheduler 'DefaultQuartzScheduler' initialized from default resource file in Quartz package: 'quartz.properties'
2019-04-24 at 13:56:57 CST INFO  org.quartz.impl.StdSchedulerFactory 1331 instantiate - Quartz scheduler version: 2.2.3
2019-04-24 at 13:56:57 CST INFO  org.quartz.core.QuartzScheduler 575 start - Scheduler DefaultQuartzScheduler_$_NON_CLUSTERED started.
2019-04-24 at 13:56:57 CST DEBUG org.quartz.core.QuartzSchedulerThread 276 run - batch acquisition of 0 triggers
2019-04-24 at 13:56:57 CST DEBUG org.quartz.core.QuartzSchedulerThread 276 run - batch acquisition of 1 triggers
2019-04-24 at 13:56:57 CST DEBUG org.quartz.simpl.SimpleJobFactory 51 newJob - Producing instance of Job 'group1.job1', class=com.jdsn.controller.CheckLogin
2019-04-24 at 13:56:57 CST DEBUG org.quartz.core.QuartzSchedulerThread 276 run - batch acquisition of 1 triggers
2019-04-24 at 13:56:57 CST DEBUG org.quartz.core.JobRunShell 201 run - Calling execute on job group1.job1
2019-04-24 at 13:56:57 CST DEBUG org.quartz.simpl.SimpleJobFactory 51 newJob - Producing instance of Job 'group1.jobB', class=com.jdsn.controller.CheckSystem
2019-04-24 at 13:56:57 CST DEBUG org.quartz.core.QuartzSchedulerThread 276 run - batch acquisition of 0 triggers
2019-04-24 at 13:56:57 CST DEBUG org.quartz.core.JobRunShell 201 run - Calling execute on job group1.jobB
2019-04-24 at 13:56:57 CST INFO  com.jdsn.log.LogWrite 30 info - 监测服务配置成功邮件！
2019-04-24 at 13:56:57 CST INFO  com.jdsn.log.LogWrite 30 info - 发送到:gaoke1107@163.com
2019-04-24 at 13:56:58 CST INFO  com.jdsn.log.LogWrite 30 info - 1、注册帧的应答帧为：[74, 68, 83, 78, 0, 2, 0, 0, 0, 99, 0, 0, 0, 1, 0, 0, 0, 2, -3, 1, 9, 0, 0, 0, 0, 0, 0, 0, 0, 1, -1, 0, 0, 0, 67, 66, 65, 69, 56, 66, 55, 53, 45, 50, 51, 52, 65, 45, 52, 50, 50, 54, 45, 66, 53, 65, 55, 45, 65, 48, 54, 68, 57, 54, 52, 70, 55, 67, 66, 57, 0, 0, 0, 0, 0, 0, 0, 0, 0, 0, 0, 0, 0, 0, 0, 0, 0, 0, 0, 0, 0, 0, 0, 0, 0, 0, 0, 0, 0, 0, 0, 0, 0, 0, 0, 0, 0, 0, 0, 0, 0, 0, 0, 0, 0, 0, 0, 0, 0, 0, 0, 0, 0, 0, 0, 0, 0, 0, 0, 0, 0, 0, 0, 0, 0, 0, 0, 0, 0, 0, 0, 0, 0, 0, 0, 0, 0, 0, 0, 0, 0, 0, 0, 0, 0, 0, 0, 0, 0, 0, 0, 0, 0, 0, 0, 0, 0, 0, 0, 0, 0, 0, 0, 0, 0, 0, 0, 0, 0, 0, 0, 0, 0, 0, 0, 0, 0, 0, 0, 0, 0, 0, 0, 0, 0, 0, 0, 0, 0, 0, 0, 0, 0, 0, 0, 0, 0, 0, 0, 0, 0, 0, 0, 0, 0, 0, 0, 0, 0, 0, 0, 0, 0, 0, 0, 0, 0, 0, 0, 0, 0, 0, 0, 0, 0, 0, 0, 0, 0, 0, 0, 0, 0, 0, 0, 0, 0, 0, 0, 0, 0, 0, 0, 0, 0, 0]
2、接收应答帧失败，服务器无法登录，请检查服务器！
2019-04-24 at 13:56:58 CST INFO  com.jdsn.log.LogWrite 30 info - 发送到:gaoke1107@163.com
2019-04-24 at 13:59:56 CST INFO  org.quartz.impl.StdSchedulerFactory 1172 instantiate - Using default implementation for ThreadExecutor
2019-04-24 at 13:59:56 CST INFO  org.quartz.simpl.SimpleThreadPool 268 initialize - Job execution threads will use class loader of thread: main
2019-04-24 at 13:59:56 CST INFO  org.quartz.core.SchedulerSignalerImpl 61 <init> - Initialized Scheduler Signaller of type: class org.quartz.core.SchedulerSignalerImpl
2019-04-24 at 13:59:56 CST INFO  org.quartz.core.QuartzScheduler 240 <init> - Quartz Scheduler v.2.2.3 created.
2019-04-24 at 13:59:56 CST INFO  org.quartz.simpl.RAMJobStore 155 initialize - RAMJobStore initialized.
2019-04-24 at 13:59:56 CST INFO  org.quartz.core.QuartzScheduler 305 initialize - Scheduler meta-data: Quartz Scheduler (v2.2.3) 'DefaultQuartzScheduler' with instanceId 'NON_CLUSTERED'
  Scheduler class: 'org.quartz.core.QuartzScheduler' - running locally.
  NOT STARTED.
  Currently in standby mode.
  Number of jobs executed: 0
  Using thread pool 'org.quartz.simpl.SimpleThreadPool' - with 10 threads.
  Using job-store 'org.quartz.simpl.RAMJobStore' - which does not support persistence. and is not clustered.

2019-04-24 at 13:59:56 CST INFO  org.quartz.impl.StdSchedulerFactory 1327 instantiate - Quartz scheduler 'DefaultQuartzScheduler' initialized from default resource file in Quartz package: 'quartz.properties'
2019-04-24 at 13:59:56 CST INFO  org.quartz.impl.StdSchedulerFactory 1331 instantiate - Quartz scheduler version: 2.2.3
2019-04-24 at 13:59:56 CST INFO  org.quartz.core.QuartzScheduler 575 start - Scheduler DefaultQuartzScheduler_$_NON_CLUSTERED started.
2019-04-24 at 13:59:56 CST DEBUG org.quartz.core.QuartzSchedulerThread 276 run - batch acquisition of 0 triggers
2019-04-24 at 13:59:56 CST DEBUG org.quartz.core.QuartzSchedulerThread 276 run - batch acquisition of 1 triggers
2019-04-24 at 13:59:56 CST DEBUG org.quartz.simpl.SimpleJobFactory 51 newJob - Producing instance of Job 'group1.job1', class=com.jdsn.controller.CheckLogin
2019-04-24 at 13:59:56 CST DEBUG org.quartz.core.QuartzSchedulerThread 276 run - batch acquisition of 1 triggers
2019-04-24 at 13:59:56 CST DEBUG org.quartz.core.JobRunShell 201 run - Calling execute on job group1.job1
2019-04-24 at 13:59:56 CST DEBUG org.quartz.simpl.SimpleJobFactory 51 newJob - Producing instance of Job 'group1.jobB', class=com.jdsn.controller.CheckSystem
2019-04-24 at 13:59:56 CST DEBUG org.quartz.core.QuartzSchedulerThread 276 run - batch acquisition of 0 triggers
2019-04-24 at 13:59:57 CST DEBUG org.quartz.core.JobRunShell 201 run - Calling execute on job group1.jobB
2019-04-24 at 13:59:57 CST INFO  com.jdsn.log.LogWrite 30 info - 监测服务配置成功邮件！
2019-04-24 at 13:59:57 CST INFO  com.jdsn.log.LogWrite 30 info - 发送到:gaoke1107@163.com
2019-04-24 at 14:00:18 CST INFO  org.quartz.impl.StdSchedulerFactory 1172 instantiate - Using default implementation for ThreadExecutor
2019-04-24 at 14:00:18 CST INFO  org.quartz.simpl.SimpleThreadPool 268 initialize - Job execution threads will use class loader of thread: main
2019-04-24 at 14:00:18 CST INFO  org.quartz.core.SchedulerSignalerImpl 61 <init> - Initialized Scheduler Signaller of type: class org.quartz.core.SchedulerSignalerImpl
2019-04-24 at 14:00:18 CST INFO  org.quartz.core.QuartzScheduler 240 <init> - Quartz Scheduler v.2.2.3 created.
2019-04-24 at 14:00:18 CST INFO  org.quartz.simpl.RAMJobStore 155 initialize - RAMJobStore initialized.
2019-04-24 at 14:00:18 CST INFO  org.quartz.core.QuartzScheduler 305 initialize - Scheduler meta-data: Quartz Scheduler (v2.2.3) 'DefaultQuartzScheduler' with instanceId 'NON_CLUSTERED'
  Scheduler class: 'org.quartz.core.QuartzScheduler' - running locally.
  NOT STARTED.
  Currently in standby mode.
  Number of jobs executed: 0
  Using thread pool 'org.quartz.simpl.SimpleThreadPool' - with 10 threads.
  Using job-store 'org.quartz.simpl.RAMJobStore' - which does not support persistence. and is not clustered.

2019-04-24 at 14:00:18 CST INFO  org.quartz.impl.StdSchedulerFactory 1327 instantiate - Quartz scheduler 'DefaultQuartzScheduler' initialized from default resource file in Quartz package: 'quartz.properties'
2019-04-24 at 14:00:18 CST INFO  org.quartz.impl.StdSchedulerFactory 1331 instantiate - Quartz scheduler version: 2.2.3
2019-04-24 at 14:00:18 CST INFO  org.quartz.core.QuartzScheduler 575 start - Scheduler DefaultQuartzScheduler_$_NON_CLUSTERED started.
2019-04-24 at 14:00:18 CST DEBUG org.quartz.core.QuartzSchedulerThread 276 run - batch acquisition of 0 triggers
2019-04-24 at 14:00:18 CST DEBUG org.quartz.core.QuartzSchedulerThread 276 run - batch acquisition of 1 triggers
2019-04-24 at 14:00:18 CST DEBUG org.quartz.simpl.SimpleJobFactory 51 newJob - Producing instance of Job 'group1.job1', class=com.jdsn.controller.CheckLogin
2019-04-24 at 14:00:18 CST DEBUG org.quartz.core.QuartzSchedulerThread 276 run - batch acquisition of 1 triggers
2019-04-24 at 14:00:18 CST DEBUG org.quartz.core.JobRunShell 201 run - Calling execute on job group1.job1
2019-04-24 at 14:00:18 CST DEBUG org.quartz.simpl.SimpleJobFactory 51 newJob - Producing instance of Job 'group1.jobB', class=com.jdsn.controller.CheckSystem
2019-04-24 at 14:00:18 CST DEBUG org.quartz.core.JobRunShell 201 run - Calling execute on job group1.jobB
2019-04-24 at 14:00:18 CST DEBUG org.quartz.core.QuartzSchedulerThread 276 run - batch acquisition of 0 triggers
2019-04-24 at 14:00:18 CST INFO  com.jdsn.log.LogWrite 30 info - 监测服务配置成功邮件！
2019-04-24 at 14:00:18 CST INFO  com.jdsn.log.LogWrite 30 info - 发送到:gaoke1107@163.com
2019-04-24 at 14:00:19 CST INFO  com.jdsn.log.LogWrite 30 info - 1、注册帧的应答帧为：[74, 68, 83, 78, 0, 2, 0, 0, 0, 99, 0, 0, 0, 1, 0, 0, 0, 2, -3, 1, 9, 0, 0, 0, 0, 0, 0, 0, 0, 1, -1, 0, 0, 0, 55, 53, 50, 68, 69, 49, 55, 52, 45, 69, 49, 69, 70, 45, 52, 57, 54, 55, 45, 56, 50, 70, 49, 45, 56, 48, 70, 67, 65, 49, 68, 56, 54, 54, 52, 51, 0, 0, 0, 0, 0, 0, 0, 0, 0, 0, 0, 0, 0, 0, 0, 0, 0, 0, 0, 0, 0, 0, 0, 0, 0, 0, 0, 0, 0, 0, 0, 0, 0, 0, 0, 0, 0, 0, 0, 0, 0, 0, 0, 0, 0, 0, 0, 0, 0, 0, 0, 0, 0, 0, 0, 0, 0, 0, 0, 0, 0, 0, 0, 0, 0, 0, 0, 0, 0, 0, 0, 0, 0, 0, 0, 0, 0, 0, 0, 0, 0, 0, 0, 0, 0, 0, 0, 0, 0, 0, 0, 0, 0, 0, 0, 0, 0, 0, 0, 0, 0, 0, 0, 0, 0, 0, 0, 0, 0, 0, 0, 0, 0, 0, 0, 0, 0, 0, 0, 0, 0, 0, 0, 0, 0, 0, 0, 0, 0, 0, 0, 0, 0, 0, 0, 0, 0, 0, 0, 0, 0, 0, 0, 0, 0, 0, 0, 0, 0, 0, 0, 0, 0, 0, 0, 0, 0, 0, 0, 0, 0, 0, 0, 0, 0, 0, 0, 0, 0, 0, 0, 0, 0, 0, 0, 0, 0, 0, 0, 0, 0, 0, 0, 0, 0, 0]
2、接收应答帧失败，服务器无法登录，请检查服务器！
2019-04-24 at 14:00:19 CST INFO  com.jdsn.log.LogWrite 30 info - 发送到:gaoke1107@163.com
2019-04-24 at 14:15:33 CST INFO  org.quartz.impl.StdSchedulerFactory 1172 instantiate - Using default implementation for ThreadExecutor
2019-04-24 at 14:15:33 CST INFO  org.quartz.simpl.SimpleThreadPool 268 initialize - Job execution threads will use class loader of thread: main
2019-04-24 at 14:15:33 CST INFO  org.quartz.core.SchedulerSignalerImpl 61 <init> - Initialized Scheduler Signaller of type: class org.quartz.core.SchedulerSignalerImpl
2019-04-24 at 14:15:33 CST INFO  org.quartz.core.QuartzScheduler 240 <init> - Quartz Scheduler v.2.2.3 created.
2019-04-24 at 14:15:33 CST INFO  org.quartz.simpl.RAMJobStore 155 initialize - RAMJobStore initialized.
2019-04-24 at 14:15:33 CST INFO  org.quartz.core.QuartzScheduler 305 initialize - Scheduler meta-data: Quartz Scheduler (v2.2.3) 'DefaultQuartzScheduler' with instanceId 'NON_CLUSTERED'
  Scheduler class: 'org.quartz.core.QuartzScheduler' - running locally.
  NOT STARTED.
  Currently in standby mode.
  Number of jobs executed: 0
  Using thread pool 'org.quartz.simpl.SimpleThreadPool' - with 10 threads.
  Using job-store 'org.quartz.simpl.RAMJobStore' - which does not support persistence. and is not clustered.

2019-04-24 at 14:15:33 CST INFO  org.quartz.impl.StdSchedulerFactory 1327 instantiate - Quartz scheduler 'DefaultQuartzScheduler' initialized from default resource file in Quartz package: 'quartz.properties'
2019-04-24 at 14:15:33 CST INFO  org.quartz.impl.StdSchedulerFactory 1331 instantiate - Quartz scheduler version: 2.2.3
2019-04-24 at 14:15:33 CST INFO  org.quartz.core.QuartzScheduler 575 start - Scheduler DefaultQuartzScheduler_$_NON_CLUSTERED started.
2019-04-24 at 14:15:33 CST DEBUG org.quartz.core.QuartzSchedulerThread 276 run - batch acquisition of 0 triggers
2019-04-24 at 14:15:33 CST DEBUG org.quartz.core.QuartzSchedulerThread 276 run - batch acquisition of 1 triggers
2019-04-24 at 14:15:33 CST DEBUG org.quartz.simpl.SimpleJobFactory 51 newJob - Producing instance of Job 'group1.job1', class=com.jdsn.controller.CheckLogin
2019-04-24 at 14:15:33 CST DEBUG org.quartz.core.QuartzSchedulerThread 276 run - batch acquisition of 1 triggers
2019-04-24 at 14:15:33 CST DEBUG org.quartz.core.JobRunShell 201 run - Calling execute on job group1.job1
2019-04-24 at 14:15:33 CST DEBUG org.quartz.simpl.SimpleJobFactory 51 newJob - Producing instance of Job 'group1.jobB', class=com.jdsn.controller.CheckSystem
2019-04-24 at 14:15:33 CST DEBUG org.quartz.core.QuartzSchedulerThread 276 run - batch acquisition of 0 triggers
2019-04-24 at 14:15:33 CST DEBUG org.quartz.core.JobRunShell 201 run - Calling execute on job group1.jobB
2019-04-24 at 14:15:33 CST INFO  com.jdsn.log.LogWrite 30 info - 监测服务配置成功邮件！
2019-04-24 at 14:15:33 CST INFO  com.jdsn.log.LogWrite 30 info - 发送到:gaoke1107@163.com
2019-04-24 at 14:15:56 CST DEBUG org.quartz.core.QuartzSchedulerThread 276 run - batch acquisition of 0 triggers
2019-04-24 at 14:16:21 CST DEBUG org.quartz.core.QuartzSchedulerThread 276 run - batch acquisition of 0 triggers
2019-04-24 at 14:16:33 CST INFO  com.jdsn.log.LogWrite 30 info - 2019-04-24 14:16:33：内存使用率为0.9185814185814186，请查看！
2019-04-24 at 14:16:33 CST INFO  com.jdsn.log.LogWrite 30 info - 发送到:gaoke1107@163.com
2019-04-24 at 14:16:47 CST DEBUG org.quartz.core.QuartzSchedulerThread 276 run - batch acquisition of 0 triggers
2019-04-24 at 14:17:11 CST DEBUG org.quartz.core.QuartzSchedulerThread 276 run - batch acquisition of 0 triggers
2019-04-24 at 14:17:40 CST DEBUG org.quartz.core.QuartzSchedulerThread 276 run - batch acquisition of 0 triggers
2019-04-24 at 14:18:09 CST DEBUG org.quartz.core.QuartzSchedulerThread 276 run - batch acquisition of 0 triggers
2019-04-24 at 14:18:36 CST DEBUG org.quartz.core.QuartzSchedulerThread 276 run - batch acquisition of 0 triggers
2019-04-24 at 14:19:01 CST DEBUG org.quartz.core.QuartzSchedulerThread 276 run - batch acquisition of 0 triggers
2019-04-24 at 14:19:27 CST DEBUG org.quartz.core.QuartzSchedulerThread 276 run - batch acquisition of 0 triggers
2019-04-24 at 14:19:54 CST DEBUG org.quartz.core.QuartzSchedulerThread 276 run - batch acquisition of 0 triggers
2019-04-24 at 14:20:20 CST DEBUG org.quartz.core.QuartzSchedulerThread 276 run - batch acquisition of 0 triggers
2019-04-24 at 14:20:50 CST DEBUG org.quartz.core.QuartzSchedulerThread 276 run - batch acquisition of 0 triggers
2019-04-24 at 14:21:18 CST DEBUG org.quartz.core.QuartzSchedulerThread 276 run - batch acquisition of 0 triggers
2019-04-24 at 14:21:44 CST DEBUG org.quartz.core.QuartzSchedulerThread 276 run - batch acquisition of 0 triggers
2019-04-24 at 14:22:09 CST DEBUG org.quartz.core.QuartzSchedulerThread 276 run - batch acquisition of 0 triggers
2019-04-24 at 14:22:36 CST DEBUG org.quartz.core.QuartzSchedulerThread 276 run - batch acquisition of 0 triggers
2019-04-24 at 14:23:01 CST DEBUG org.quartz.core.QuartzSchedulerThread 276 run - batch acquisition of 0 triggers
2019-04-24 at 14:23:30 CST DEBUG org.quartz.core.QuartzSchedulerThread 276 run - batch acquisition of 0 triggers
2019-04-24 at 14:23:59 CST DEBUG org.quartz.core.QuartzSchedulerThread 276 run - batch acquisition of 0 triggers
2019-04-24 at 14:24:29 CST DEBUG org.quartz.core.QuartzSchedulerThread 276 run - batch acquisition of 0 triggers
2019-04-24 at 14:24:52 CST DEBUG org.quartz.core.QuartzSchedulerThread 276 run - batch acquisition of 0 triggers
2019-04-24 at 14:25:18 CST DEBUG org.quartz.core.QuartzSchedulerThread 276 run - batch acquisition of 1 triggers
2019-04-24 at 14:25:32 CST DEBUG org.quartz.simpl.SimpleJobFactory 51 newJob - Producing instance of Job 'group1.job1', class=com.jdsn.controller.CheckLogin
2019-04-24 at 14:25:32 CST DEBUG org.quartz.core.QuartzSchedulerThread 276 run - batch acquisition of 1 triggers
2019-04-24 at 14:25:32 CST DEBUG org.quartz.core.JobRunShell 201 run - Calling execute on job group1.job1
2019-04-24 at 14:25:33 CST DEBUG org.quartz.simpl.SimpleJobFactory 51 newJob - Producing instance of Job 'group1.jobB', class=com.jdsn.controller.CheckSystem
2019-04-24 at 14:25:33 CST DEBUG org.quartz.core.QuartzSchedulerThread 276 run - batch acquisition of 0 triggers
2019-04-24 at 14:25:33 CST DEBUG org.quartz.core.JobRunShell 201 run - Calling execute on job group1.jobB
2019-04-24 at 14:25:59 CST DEBUG org.quartz.core.QuartzSchedulerThread 276 run - batch acquisition of 0 triggers
2019-04-24 at 14:26:25 CST DEBUG org.quartz.core.QuartzSchedulerThread 276 run - batch acquisition of 0 triggers
2019-04-24 at 14:26:33 CST INFO  com.jdsn.log.LogWrite 30 info - 2019-04-24 14:26:33：内存使用率为0.9105894105894106，请查看！
2019-04-24 at 14:26:33 CST INFO  com.jdsn.log.LogWrite 30 info - 发送到:gaoke1107@163.com
2019-04-24 at 14:26:49 CST DEBUG org.quartz.core.QuartzSchedulerThread 276 run - batch acquisition of 0 triggers
2019-04-24 at 14:27:18 CST DEBUG org.quartz.core.QuartzSchedulerThread 276 run - batch acquisition of 0 triggers
2019-04-24 at 14:27:47 CST DEBUG org.quartz.core.QuartzSchedulerThread 276 run - batch acquisition of 0 triggers
2019-04-24 at 14:28:17 CST DEBUG org.quartz.core.QuartzSchedulerThread 276 run - batch acquisition of 0 triggers
2019-04-24 at 14:28:46 CST DEBUG org.quartz.core.QuartzSchedulerThread 276 run - batch acquisition of 0 triggers
2019-04-24 at 14:29:15 CST DEBUG org.quartz.core.QuartzSchedulerThread 276 run - batch acquisition of 0 triggers
2019-04-24 at 14:29:38 CST DEBUG org.quartz.core.QuartzSchedulerThread 276 run - batch acquisition of 0 triggers
2019-04-24 at 14:30:05 CST DEBUG org.quartz.core.QuartzSchedulerThread 276 run - batch acquisition of 0 triggers
2019-04-24 at 14:30:33 CST DEBUG org.quartz.core.QuartzSchedulerThread 276 run - batch acquisition of 0 triggers
2019-04-24 at 14:30:59 CST DEBUG org.quartz.core.QuartzSchedulerThread 276 run - batch acquisition of 0 triggers
2019-04-24 at 14:31:24 CST DEBUG org.quartz.core.QuartzSchedulerThread 276 run - batch acquisition of 0 triggers
2019-04-24 at 14:31:47 CST DEBUG org.quartz.core.QuartzSchedulerThread 276 run - batch acquisition of 0 triggers
2019-04-24 at 14:32:15 CST DEBUG org.quartz.core.QuartzSchedulerThread 276 run - batch acquisition of 0 triggers
2019-04-24 at 14:32:44 CST DEBUG org.quartz.core.QuartzSchedulerThread 276 run - batch acquisition of 0 triggers
2019-04-24 at 14:33:10 CST DEBUG org.quartz.core.QuartzSchedulerThread 276 run - batch acquisition of 0 triggers
2019-04-24 at 14:33:37 CST DEBUG org.quartz.core.QuartzSchedulerThread 276 run - batch acquisition of 0 triggers
2019-04-24 at 14:34:01 CST DEBUG org.quartz.core.QuartzSchedulerThread 276 run - batch acquisition of 0 triggers
2019-04-24 at 14:34:24 CST DEBUG org.quartz.core.QuartzSchedulerThread 276 run - batch acquisition of 0 triggers
2019-04-24 at 14:34:54 CST DEBUG org.quartz.core.QuartzSchedulerThread 276 run - batch acquisition of 0 triggers
2019-04-24 at 14:35:20 CST DEBUG org.quartz.core.QuartzSchedulerThread 276 run - batch acquisition of 1 triggers
2019-04-24 at 14:35:32 CST DEBUG org.quartz.simpl.SimpleJobFactory 51 newJob - Producing instance of Job 'group1.job1', class=com.jdsn.controller.CheckLogin
2019-04-24 at 14:35:32 CST DEBUG org.quartz.core.QuartzSchedulerThread 276 run - batch acquisition of 1 triggers
2019-04-24 at 14:35:32 CST DEBUG org.quartz.core.JobRunShell 201 run - Calling execute on job group1.job1
2019-04-24 at 14:35:33 CST DEBUG org.quartz.simpl.SimpleJobFactory 51 newJob - Producing instance of Job 'group1.jobB', class=com.jdsn.controller.CheckSystem
2019-04-24 at 14:35:33 CST DEBUG org.quartz.core.QuartzSchedulerThread 276 run - batch acquisition of 0 triggers
2019-04-24 at 14:35:33 CST DEBUG org.quartz.core.JobRunShell 201 run - Calling execute on job group1.jobB
2019-04-24 at 14:36:00 CST DEBUG org.quartz.core.QuartzSchedulerThread 276 run - batch acquisition of 0 triggers
2019-04-24 at 14:36:27 CST DEBUG org.quartz.core.QuartzSchedulerThread 276 run - batch acquisition of 0 triggers
2019-04-24 at 14:36:33 CST INFO  com.jdsn.log.LogWrite 30 info - 2019-04-24 14:36:33：内存使用率为0.8411588411588411，请查看！
2019-04-24 at 14:36:33 CST INFO  com.jdsn.log.LogWrite 30 info - 发送到:gaoke1107@163.com
2019-04-24 at 14:36:51 CST DEBUG org.quartz.core.QuartzSchedulerThread 276 run - batch acquisition of 0 triggers
2019-04-24 at 14:37:20 CST DEBUG org.quartz.core.QuartzSchedulerThread 276 run - batch acquisition of 0 triggers
2019-04-24 at 14:37:44 CST DEBUG org.quartz.core.QuartzSchedulerThread 276 run - batch acquisition of 0 triggers
2019-04-24 at 14:38:10 CST DEBUG org.quartz.core.QuartzSchedulerThread 276 run - batch acquisition of 0 triggers
2019-04-24 at 14:38:35 CST DEBUG org.quartz.core.QuartzSchedulerThread 276 run - batch acquisition of 0 triggers
2019-04-24 at 14:38:59 CST DEBUG org.quartz.core.QuartzSchedulerThread 276 run - batch acquisition of 0 triggers
2019-04-24 at 14:39:25 CST DEBUG org.quartz.core.QuartzSchedulerThread 276 run - batch acquisition of 0 triggers
2019-04-24 at 14:39:54 CST DEBUG org.quartz.core.QuartzSchedulerThread 276 run - batch acquisition of 0 triggers
2019-04-24 at 14:40:17 CST DEBUG org.quartz.core.QuartzSchedulerThread 276 run - batch acquisition of 0 triggers
2019-04-24 at 14:40:45 CST DEBUG org.quartz.core.QuartzSchedulerThread 276 run - batch acquisition of 0 triggers
2019-04-24 at 14:41:10 CST DEBUG org.quartz.core.QuartzSchedulerThread 276 run - batch acquisition of 0 triggers
2019-04-24 at 14:41:37 CST DEBUG org.quartz.core.QuartzSchedulerThread 276 run - batch acquisition of 0 triggers
2019-04-24 at 14:42:06 CST DEBUG org.quartz.core.QuartzSchedulerThread 276 run - batch acquisition of 0 triggers
2019-04-24 at 14:42:30 CST DEBUG org.quartz.core.QuartzSchedulerThread 276 run - batch acquisition of 0 triggers
2019-04-24 at 14:42:55 CST DEBUG org.quartz.core.QuartzSchedulerThread 276 run - batch acquisition of 0 triggers
2019-04-24 at 14:43:24 CST DEBUG org.quartz.core.QuartzSchedulerThread 276 run - batch acquisition of 0 triggers
2019-04-24 at 14:43:51 CST DEBUG org.quartz.core.QuartzSchedulerThread 276 run - batch acquisition of 0 triggers
2019-04-24 at 14:44:19 CST DEBUG org.quartz.core.QuartzSchedulerThread 276 run - batch acquisition of 0 triggers
2019-04-24 at 14:44:48 CST DEBUG org.quartz.core.QuartzSchedulerThread 276 run - batch acquisition of 0 triggers
2019-04-24 at 14:45:18 CST DEBUG org.quartz.core.QuartzSchedulerThread 276 run - batch acquisition of 1 triggers
2019-04-24 at 14:45:32 CST DEBUG org.quartz.simpl.SimpleJobFactory 51 newJob - Producing instance of Job 'group1.job1', class=com.jdsn.controller.CheckLogin
2019-04-24 at 14:45:32 CST DEBUG org.quartz.core.QuartzSchedulerThread 276 run - batch acquisition of 1 triggers
2019-04-24 at 14:45:32 CST DEBUG org.quartz.core.JobRunShell 201 run - Calling execute on job group1.job1
2019-04-24 at 14:45:33 CST DEBUG org.quartz.simpl.SimpleJobFactory 51 newJob - Producing instance of Job 'group1.jobB', class=com.jdsn.controller.CheckSystem
2019-04-24 at 14:45:33 CST DEBUG org.quartz.core.QuartzSchedulerThread 276 run - batch acquisition of 0 triggers
2019-04-24 at 14:45:33 CST DEBUG org.quartz.core.JobRunShell 201 run - Calling execute on job group1.jobB
2019-04-24 at 14:46:02 CST DEBUG org.quartz.core.QuartzSchedulerThread 276 run - batch acquisition of 0 triggers
2019-04-24 at 14:46:28 CST DEBUG org.quartz.core.QuartzSchedulerThread 276 run - batch acquisition of 0 triggers
2019-04-24 at 14:46:33 CST INFO  com.jdsn.log.LogWrite 30 info - 2019-04-24 14:46:33：内存使用率为0.8616383616383616，请查看！
2019-04-24 at 14:46:33 CST INFO  com.jdsn.log.LogWrite 30 info - 发送到:gaoke1107@163.com
2019-04-24 at 14:46:55 CST DEBUG org.quartz.core.QuartzSchedulerThread 276 run - batch acquisition of 0 triggers
2019-04-24 at 14:47:20 CST DEBUG org.quartz.core.QuartzSchedulerThread 276 run - batch acquisition of 0 triggers
2019-04-24 at 14:47:44 CST DEBUG org.quartz.core.QuartzSchedulerThread 276 run - batch acquisition of 0 triggers
2019-04-24 at 14:48:07 CST DEBUG org.quartz.core.QuartzSchedulerThread 276 run - batch acquisition of 0 triggers
2019-04-24 at 14:48:31 CST DEBUG org.quartz.core.QuartzSchedulerThread 276 run - batch acquisition of 0 triggers
2019-04-24 at 14:48:55 CST DEBUG org.quartz.core.QuartzSchedulerThread 276 run - batch acquisition of 0 triggers
2019-04-24 at 14:49:23 CST DEBUG org.quartz.core.QuartzSchedulerThread 276 run - batch acquisition of 0 triggers
2019-04-24 at 14:49:53 CST DEBUG org.quartz.core.QuartzSchedulerThread 276 run - batch acquisition of 0 triggers
2019-04-24 at 14:50:22 CST DEBUG org.quartz.core.QuartzSchedulerThread 276 run - batch acquisition of 0 triggers
2019-04-24 at 14:50:47 CST DEBUG org.quartz.core.QuartzSchedulerThread 276 run - batch acquisition of 0 triggers
2019-04-24 at 14:51:17 CST DEBUG org.quartz.core.QuartzSchedulerThread 276 run - batch acquisition of 0 triggers
